<?xml version="1.0" encoding="UTF-8" standalone="no"?>
<!DOCTYPE log SYSTEM "logger.dtd">
<log>
<record>
  <date>2017-11-28T11:34:38</date>
  <millis>1511865278658</millis>
  <sequence>0</sequence>
  <logger>ApplicationServer</logger>
  <level>FINE</level>
  <class>aud.io.log.Logger</class>
  <method>log</method>
  <thread>1</thread>
  <message>Server will start.</message>
</record>
<record>
  <date>2017-11-28T11:34:38</date>
  <millis>1511865278943</millis>
  <sequence>1</sequence>
  <logger>ApplicationServer</logger>
  <level>INFO</level>
  <class>aud.io.log.Logger</class>
  <method>log</method>
  <thread>1</thread>
  <message>Registry created</message>
</record>
<record>
  <date>2017-11-28T11:34:38</date>
  <millis>1511865278947</millis>
  <sequence>2</sequence>
  <logger>ApplicationServer</logger>
  <level>INFO</level>
  <class>aud.io.log.Logger</class>
  <method>log</method>
  <thread>1</thread>
  <message>Publisher bound to registry</message>
</record>
<record>
  <date>2017-11-28T11:34:38</date>
  <millis>1511865278948</millis>
  <sequence>3</sequence>
  <logger>ApplicationServer</logger>
  <level>INFO</level>
  <class>aud.io.log.Logger</class>
  <method>log</method>
  <thread>1</thread>
  <message>Server name bound to registry</message>
</record>
<record>
  <date>2017-11-28T11:34:38</date>
  <millis>1511865278952</millis>
  <sequence>4</sequence>
  <logger>ApplicationServer</logger>
  <level>FINE</level>
  <class>aud.io.log.Logger</class>
  <method>log</method>
  <thread>1</thread>
  <message>Server has started, type 'exit' to stop.</message>
</record>
