<?xml version="1.0" encoding="UTF-8" standalone="no"?>
<!DOCTYPE log SYSTEM "logger.dtd">
<log>
<record>
  <date>2017-11-28T10:56:27</date>
  <millis>1511862987679</millis>
  <sequence>0</sequence>
  <logger>ApplicationServer</logger>
  <level>FINE</level>
  <class>rmi.ApplicationServer</class>
  <method>main</method>
  <thread>1</thread>
  <message>Server will start.</message>
</record>
<record>
  <date>2017-11-28T10:56:28</date>
  <millis>1511862988060</millis>
  <sequence>1</sequence>
  <logger>ApplicationServer</logger>
  <level>INFO</level>
  <class>rmi.ApplicationServer</class>
  <method>main</method>
  <thread>1</thread>
  <message>Registry created</message>
</record>
<record>
  <date>2017-11-28T10:56:28</date>
  <millis>1511862988069</millis>
  <sequence>2</sequence>
  <logger>ApplicationServer</logger>
  <level>INFO</level>
  <class>rmi.ApplicationServer</class>
  <method>main</method>
  <thread>1</thread>
  <message>Publisher bound to registry</message>
</record>
<record>
  <date>2017-11-28T10:56:28</date>
  <millis>1511862988070</millis>
  <sequence>3</sequence>
  <logger>ApplicationServer</logger>
  <level>INFO</level>
  <class>rmi.ApplicationServer</class>
  <method>main</method>
  <thread>1</thread>
  <message>Server name bound to registry</message>
</record>
<record>
  <date>2017-11-28T10:56:28</date>
  <millis>1511862988076</millis>
  <sequence>4</sequence>
  <logger>ApplicationServer</logger>
  <level>FINE</level>
  <class>rmi.ApplicationServer</class>
  <method>main</method>
  <thread>1</thread>
  <message>Server has started, type 'exit' to stop.</message>
</record>
