<?xml version="1.0" encoding="UTF-8" standalone="no"?>
<!DOCTYPE log SYSTEM "logger.dtd">
<log>
<record>
  <date>2017-12-09T14:49:26</date>
  <millis>1512827366451</millis>
  <sequence>19</sequence>
  <logger>PartyManager</logger>
  <level>INFO</level>
  <class>aud.io.log.Logger</class>
  <method>log</method>
  <thread>1</thread>
  <message>Wachtwoord has created a new party (PartyDav) </message>
</record>
<record>
  <date>2017-12-09T14:49:26</date>
  <millis>1512827366454</millis>
  <sequence>20</sequence>
  <logger>PartyManager</logger>
  <level>INFO</level>
  <class>aud.io.log.Logger</class>
  <method>log</method>
  <thread>1</thread>
  <message>Wachtwoord has created a new party (PartyDav) </message>
</record>
<record>
  <date>2017-12-09T14:49:26</date>
  <millis>1512827366459</millis>
  <sequence>21</sequence>
  <logger>PartyManager</logger>
  <level>INFO</level>
  <class>aud.io.log.Logger</class>
  <method>log</method>
  <thread>1</thread>
  <message>Wachtwoord has created a new party (PartyDav) </message>
</record>
<record>
  <date>2017-12-09T14:49:26</date>
  <millis>1512827366460</millis>
  <sequence>22</sequence>
  <logger>PartyManager</logger>
  <level>INFO</level>
  <class>aud.io.log.Logger</class>
  <method>log</method>
  <thread>1</thread>
  <message>Nick has joined PartyDav</message>
</record>
<record>
  <date>2017-12-09T14:49:26</date>
  <millis>1512827366461</millis>
  <sequence>23</sequence>
  <logger>PartyManager</logger>
  <level>INFO</level>
  <class>aud.io.log.Logger</class>
  <method>log</method>
  <thread>1</thread>
  <message>Nick has left party PartyDav</message>
</record>
<record>
  <date>2017-12-09T14:49:26</date>
  <millis>1512827366461</millis>
  <sequence>24</sequence>
  <logger>PartyManager</logger>
  <level>INFO</level>
  <class>aud.io.log.Logger</class>
  <method>log</method>
  <thread>1</thread>
  <message>Nick has left party PartyDav</message>
</record>
<record>
  <date>2017-12-09T14:49:26</date>
  <millis>1512827366462</millis>
  <sequence>25</sequence>
  <logger>PartyManager</logger>
  <level>INFO</level>
  <class>aud.io.log.Logger</class>
  <method>log</method>
  <thread>1</thread>
  <message>Nick logged out</message>
</record>
<record>
  <date>2017-12-09T14:49:26</date>
  <millis>1512827366470</millis>
  <sequence>26</sequence>
  <logger>PartyManager</logger>
  <level>INFO</level>
  <class>aud.io.log.Logger</class>
  <method>log</method>
  <thread>1</thread>
  <message>Wachtwoord has created a new party (PartyDav) </message>
</record>
<record>
  <date>2017-12-09T14:49:26</date>
  <millis>1512827366474</millis>
  <sequence>27</sequence>
  <logger>PartyManager</logger>
  <level>INFO</level>
  <class>aud.io.log.Logger</class>
  <method>log</method>
  <thread>1</thread>
  <message>Wachtwoord has created a new party (PartyDav) </message>
</record>
<record>
  <date>2017-12-09T14:49:26</date>
  <millis>1512827366475</millis>
  <sequence>28</sequence>
  <logger>PartyManager</logger>
  <level>INFO</level>
  <class>aud.io.log.Logger</class>
  <method>log</method>
  <thread>1</thread>
  <message>Nick has joined PartyDav</message>
</record>
<record>
  <date>2017-12-09T14:49:26</date>
  <millis>1512827366479</millis>
  <sequence>29</sequence>
  <logger>PartyManager</logger>
  <level>INFO</level>
  <class>aud.io.log.Logger</class>
  <method>log</method>
  <thread>1</thread>
  <message>Wachtwoord has created a new party (PartyDav) </message>
</record>
<record>
  <date>2017-12-09T14:49:26</date>
  <millis>1512827366480</millis>
  <sequence>30</sequence>
  <logger>PartyManager</logger>
  <level>INFO</level>
  <class>aud.io.log.Logger</class>
  <method>log</method>
  <thread>1</thread>
  <message>Wachtwoord has created a new party (Party2Dab) </message>
</record>
<record>
  <date>2017-12-09T14:49:26</date>
  <millis>1512827366496</millis>
  <sequence>31</sequence>
  <logger>PartyManager</logger>
  <level>INFO</level>
  <class>aud.io.log.Logger</class>
  <method>log</method>
  <thread>1</thread>
  <message>Wachtwoord has created a new party (PartyDav) </message>
</record>
<record>
  <date>2017-12-09T14:49:26</date>
  <millis>1512827366497</millis>
  <sequence>32</sequence>
  <logger>PartyManager</logger>
  <level>INFO</level>
  <class>aud.io.log.Logger</class>
  <method>log</method>
  <thread>1</thread>
  <message>Nick has joined PartyDav</message>
</record>
<record>
  <date>2017-12-09T14:49:26</date>
  <millis>1512827366498</millis>
  <sequence>33</sequence>
  <logger>PartyManager</logger>
  <level>INFO</level>
  <class>aud.io.log.Logger</class>
  <method>log</method>
  <thread>1</thread>
  <message>Nick has left party PartyDav</message>
</record>
<record>
  <date>2017-12-09T14:49:26</date>
  <millis>1512827366498</millis>
  <sequence>34</sequence>
  <logger>PartyManager</logger>
  <level>INFO</level>
  <class>aud.io.log.Logger</class>
  <method>log</method>
  <thread>1</thread>
  <message>Nick has left party PartyDav</message>
</record>
<record>
  <date>2017-12-09T14:49:26</date>
  <millis>1512827366501</millis>
  <sequence>35</sequence>
  <logger>PartyManager</logger>
  <level>INFO</level>
  <class>aud.io.log.Logger</class>
  <method>log</method>
  <thread>1</thread>
  <message>Wachtwoord has created a new party (PartyDav) </message>
</record>
<record>
  <date>2017-12-09T14:49:26</date>
  <millis>1512827366505</millis>
  <sequence>36</sequence>
  <logger>PartyManager</logger>
  <level>INFO</level>
  <class>aud.io.log.Logger</class>
  <method>log</method>
  <thread>1</thread>
  <message>Wachtwoord has created a new party (PartyDav) </message>
</record>
<record>
  <date>2017-12-09T14:49:26</date>
  <millis>1512827366509</millis>
  <sequence>37</sequence>
  <logger>PartyManager</logger>
  <level>INFO</level>
  <class>aud.io.log.Logger</class>
  <method>log</method>
  <thread>1</thread>
  <message>Wachtwoord has created a new party (PartyDav) </message>
</record>
<record>
  <date>2017-12-09T14:49:26</date>
  <millis>1512827366519</millis>
  <sequence>38</sequence>
  <logger>PartyManager</logger>
  <level>INFO</level>
  <class>aud.io.log.Logger</class>
  <method>log</method>
  <thread>1</thread>
  <message>Wachtwoord has created a new party (PartyDav) </message>
</record>
<record>
  <date>2017-12-09T14:49:26</date>
  <millis>1512827366523</millis>
  <sequence>39</sequence>
  <logger>PartyManager</logger>
  <level>INFO</level>
  <class>aud.io.log.Logger</class>
  <method>log</method>
  <thread>1</thread>
  <message>Wachtwoord has created a new party (PartyDav) </message>
</record>
</log>
