<?xml version="1.0" encoding="UTF-8" standalone="no"?>
<!DOCTYPE log SYSTEM "logger.dtd">
<log>
<record>
  <date>2017-12-09T16:19:15</date>
  <millis>1512832755523</millis>
  <sequence>29</sequence>
  <logger>PartyManager</logger>
  <level>INFO</level>
  <class>aud.io.log.Logger</class>
  <method>log</method>
  <thread>1</thread>
  <message>Wachtwoord has created a new party (PartyDav) </message>
</record>
<record>
  <date>2017-12-09T16:19:15</date>
  <millis>1512832755526</millis>
  <sequence>30</sequence>
  <logger>PartyManager</logger>
  <level>INFO</level>
  <class>aud.io.log.Logger</class>
  <method>log</method>
  <thread>1</thread>
  <message>Wachtwoord has created a new party (PartyDav) </message>
</record>
<record>
  <date>2017-12-09T16:19:15</date>
  <millis>1512832755531</millis>
  <sequence>31</sequence>
  <logger>PartyManager</logger>
  <level>INFO</level>
  <class>aud.io.log.Logger</class>
  <method>log</method>
  <thread>1</thread>
  <message>Wachtwoord has created a new party (PartyDav) </message>
</record>
<record>
  <date>2017-12-09T16:19:15</date>
  <millis>1512832755532</millis>
  <sequence>32</sequence>
  <logger>PartyManager</logger>
  <level>INFO</level>
  <class>aud.io.log.Logger</class>
  <method>log</method>
  <thread>1</thread>
  <message>Nick has joined PartyDav</message>
</record>
<record>
  <date>2017-12-09T16:19:15</date>
  <millis>1512832755533</millis>
  <sequence>33</sequence>
  <logger>PartyManager</logger>
  <level>INFO</level>
  <class>aud.io.log.Logger</class>
  <method>log</method>
  <thread>1</thread>
  <message>Nick has left party PartyDav</message>
</record>
<record>
  <date>2017-12-09T16:19:15</date>
  <millis>1512832755534</millis>
  <sequence>34</sequence>
  <logger>PartyManager</logger>
  <level>INFO</level>
  <class>aud.io.log.Logger</class>
  <method>log</method>
  <thread>1</thread>
  <message>Nick has left party PartyDav</message>
</record>
<record>
  <date>2017-12-09T16:19:15</date>
  <millis>1512832755534</millis>
  <sequence>35</sequence>
  <logger>PartyManager</logger>
  <level>INFO</level>
  <class>aud.io.log.Logger</class>
  <method>log</method>
  <thread>1</thread>
  <message>Nick logged out</message>
</record>
<record>
  <date>2017-12-09T16:19:15</date>
  <millis>1512832755543</millis>
  <sequence>36</sequence>
  <logger>PartyManager</logger>
  <level>INFO</level>
  <class>aud.io.log.Logger</class>
  <method>log</method>
  <thread>1</thread>
  <message>Wachtwoord has created a new party (PartyDav) </message>
</record>
<record>
  <date>2017-12-09T16:19:15</date>
  <millis>1512832755548</millis>
  <sequence>37</sequence>
  <logger>PartyManager</logger>
  <level>INFO</level>
  <class>aud.io.log.Logger</class>
  <method>log</method>
  <thread>1</thread>
  <message>Wachtwoord has created a new party (PartyDav) </message>
</record>
<record>
  <date>2017-12-09T16:19:15</date>
  <millis>1512832755550</millis>
  <sequence>38</sequence>
  <logger>PartyManager</logger>
  <level>INFO</level>
  <class>aud.io.log.Logger</class>
  <method>log</method>
  <thread>1</thread>
  <message>Nick has joined PartyDav</message>
</record>
<record>
  <date>2017-12-09T16:19:15</date>
  <millis>1512832755554</millis>
  <sequence>39</sequence>
  <logger>PartyManager</logger>
  <level>INFO</level>
  <class>aud.io.log.Logger</class>
  <method>log</method>
  <thread>1</thread>
  <message>Wachtwoord has created a new party (PartyDav) </message>
</record>
<record>
  <date>2017-12-09T16:19:15</date>
  <millis>1512832755554</millis>
  <sequence>40</sequence>
  <logger>PartyManager</logger>
  <level>INFO</level>
  <class>aud.io.log.Logger</class>
  <method>log</method>
  <thread>1</thread>
  <message>Wachtwoord has created a new party (Party2Dab) </message>
</record>
<record>
  <date>2017-12-09T16:19:15</date>
  <millis>1512832755563</millis>
  <sequence>41</sequence>
  <logger>PartyManager</logger>
  <level>INFO</level>
  <class>aud.io.log.Logger</class>
  <method>log</method>
  <thread>1</thread>
  <message>Wachtwoord has created a new party (PartyDav) </message>
</record>
<record>
  <date>2017-12-09T16:19:15</date>
  <millis>1512832755563</millis>
  <sequence>42</sequence>
  <logger>PartyManager</logger>
  <level>INFO</level>
  <class>aud.io.log.Logger</class>
  <method>log</method>
  <thread>1</thread>
  <message>Nick has joined PartyDav</message>
</record>
<record>
  <date>2017-12-09T16:19:15</date>
  <millis>1512832755565</millis>
  <sequence>43</sequence>
  <logger>PartyManager</logger>
  <level>INFO</level>
  <class>aud.io.log.Logger</class>
  <method>log</method>
  <thread>1</thread>
  <message>Nick has left party PartyDav</message>
</record>
<record>
  <date>2017-12-09T16:19:15</date>
  <millis>1512832755565</millis>
  <sequence>44</sequence>
  <logger>PartyManager</logger>
  <level>INFO</level>
  <class>aud.io.log.Logger</class>
  <method>log</method>
  <thread>1</thread>
  <message>Nick has left party PartyDav</message>
</record>
<record>
  <date>2017-12-09T16:19:15</date>
  <millis>1512832755688</millis>
  <sequence>45</sequence>
  <logger>PartyManager</logger>
  <level>INFO</level>
  <class>aud.io.log.Logger</class>
  <method>log</method>
  <thread>1</thread>
  <message>Wachtwoord has created a new party (PartyDav) </message>
</record>
<record>
  <date>2017-12-09T16:19:15</date>
  <millis>1512832755691</millis>
  <sequence>46</sequence>
  <logger>PartyManager</logger>
  <level>INFO</level>
  <class>aud.io.log.Logger</class>
  <method>log</method>
  <thread>1</thread>
  <message>Wachtwoord has created a new party (PartyDav) </message>
</record>
<record>
  <date>2017-12-09T16:19:15</date>
  <millis>1512832755695</millis>
  <sequence>47</sequence>
  <logger>PartyManager</logger>
  <level>INFO</level>
  <class>aud.io.log.Logger</class>
  <method>log</method>
  <thread>1</thread>
  <message>Wachtwoord has created a new party (PartyDav) </message>
</record>
<record>
  <date>2017-12-09T16:19:15</date>
  <millis>1512832755706</millis>
  <sequence>48</sequence>
  <logger>PartyManager</logger>
  <level>INFO</level>
  <class>aud.io.log.Logger</class>
  <method>log</method>
  <thread>1</thread>
  <message>Wachtwoord has created a new party (PartyDav) </message>
</record>
<record>
  <date>2017-12-09T16:19:15</date>
  <millis>1512832755710</millis>
  <sequence>49</sequence>
  <logger>PartyManager</logger>
  <level>INFO</level>
  <class>aud.io.log.Logger</class>
  <method>log</method>
  <thread>1</thread>
  <message>Wachtwoord has created a new party (PartyDav) </message>
</record>
</log>
