<?xml version="1.0" encoding="UTF-8" standalone="no"?>
<!DOCTYPE log SYSTEM "logger.dtd">
<log>
<record>
  <date>2017-11-21T20:01:31</date>
  <millis>1511290891860</millis>
  <sequence>0</sequence>
  <logger>Server</logger>
  <level>INFO</level>
  <class>rmi.ApplicationServer</class>
  <method>main</method>
  <thread>1</thread>
  <message>Server will start.</message>
</record>
<record>
  <date>2017-11-21T20:01:32</date>
  <millis>1511290892091</millis>
  <sequence>1</sequence>
  <logger>Server</logger>
  <level>INFO</level>
  <class>rmi.ApplicationServer</class>
  <method>main</method>
  <thread>1</thread>
  <message>Registry created</message>
</record>
<record>
  <date>2017-11-21T20:01:32</date>
  <millis>1511290892092</millis>
  <sequence>2</sequence>
  <logger>Server</logger>
  <level>INFO</level>
  <class>rmi.ApplicationServer</class>
  <method>main</method>
  <thread>1</thread>
  <message>Publisher bound to registry</message>
</record>
<record>
  <date>2017-11-21T20:01:32</date>
  <millis>1511290892093</millis>
  <sequence>3</sequence>
  <logger>Server</logger>
  <level>INFO</level>
  <class>rmi.ApplicationServer</class>
  <method>main</method>
  <thread>1</thread>
  <message>Server name bound to registry</message>
</record>
<record>
  <date>2017-11-21T20:01:32</date>
  <millis>1511290892098</millis>
  <sequence>4</sequence>
  <logger>Server</logger>
  <level>INFO</level>
  <class>rmi.ApplicationServer</class>
  <method>main</method>
  <thread>1</thread>
  <message>Server has started, type 'exit' to stop.</message>
</record>
